<?xml version="1.0" encoding="UTF-8"?>
<testsuite xmlns:xsi="http://www.w3.org/2001/XMLSchema-instance" xsi:noNamespaceSchemaLocation="https://maven.apache.org/surefire/maven-surefire-plugin/xsd/surefire-test-report-3.0.xsd" version="3.0" name="com.gowri.rest.webservices.restfulwebservices.RestfulWebservicesApplicationTests" time="9.733" tests="1" errors="0" skipped="0" failures="0">
  <properties>
[...]
</properties>
  <testcase name="contextLoads" classname="com.gowri.rest.webservices.restfulwebservices.RestfulWebservicesApplicationTests" time="1.368">
    <system-out><![CDATA[15:11:37.637 [main] INFO org.springframework.test.context.support.AnnotationConfigContextLoaderUtils -- Could not detect default configuration classes for test class [com.gowri.rest.webservices.restfulwebservices.RestfulWebservicesApplicationTests]: RestfulWebservicesApplicationTests does not declare any static, non-private, non-final, nested classes annotated with @Configuration.
15:11:37.841 [main] INFO org.springframework.boot.test.context.SpringBootTestContextBootstrapper -- Found @SpringBootConfiguration com.gowri.rest.webservices.restfulwebservices.RestfulWebservicesApplication for test class com.gowri.rest.webservices.restfulwebservices.RestfulWebservicesApplicationTests
15:11:38.165 [main] INFO org.springframework.boot.devtools.restart.RestartApplicationListener -- Restart disabled due to context in which it is running

  .   ____          _            __ _ _
 /\\ / ___'_ __ _ _(_)_ __  __ _ \ \ \ \
( ( )\___ | '_ | '_| | '_ \/ _` | \ \ \ \
 \\/  ___)| |_)| | | | | || (_| |  ) ) ) )
  '  |____| .__|_| |_|_| |_\__, | / / / /
 =========|_|==============|___/=/_/_/_/
&amp#27;[32m :: Spring Boot :: &amp#27;[39m              &amp#27;[2m (v3.2.5)&amp#27;[0;39m

&amp#27;[2m2024-06-23T15:11:38.825-04:00&amp#27;[0;39m &amp#27;[32m INFO&amp#27;[0;39m &amp#27;[35m25292&amp#27;[0;39m &amp#27;[2m---&amp#27;[0;39m &amp#27;[2m[restful-webservices] [           main]&amp#27;[0;39m &amp#27;[2m&amp#27;[0;39m&amp#27;[36mr.w.r.RestfulWebservicesApplicationTests&amp#27;[0;39m &amp#27;[2m:&amp#27;[0;39m Starting RestfulWebservicesApplicationTests using Java 22 with PID 25292 (started by gowrinath in /Users/gowrinath/Desktop/Gowrinath/Java/rest)
&amp#27;[2m2024-06-23T15:11:38.829-04:00&amp#27;[0;39m &amp#27;[32m INFO&amp#27;[0;39m &amp#27;[35m25292&amp#27;[0;39m &amp#27;[2m---&amp#27;[0;39m &amp#27;[2m[restful-webservices] [           main]&amp#27;[0;39m &amp#27;[2m&amp#27;[0;39m&amp#27;[36mr.w.r.RestfulWebservicesApplicationTests&amp#27;[0;39m &amp#27;[2m:&amp#27;[0;39m No active profile set, falling back to 1 default profile: "default"
&amp#27;[2m2024-06-23T15:11:40.488-04:00&amp#27;[0;39m &amp#27;[32m INFO&amp#27;[0;39m &amp#27;[35m25292&amp#27;[0;39m &amp#27;[2m---&amp#27;[0;39m &amp#27;[2m[restful-webservices] [           main]&amp#27;[0;39m &amp#27;[2m&amp#27;[0;39m&amp#27;[36m.s.d.r.c.RepositoryConfigurationDelegate&amp#27;[0;39m &amp#27;[2m:&amp#27;[0;39m Bootstrapping Spring Data JPA repositories in DEFAULT mode.
&amp#27;[2m2024-06-23T15:11:40.534-04:00&amp#27;[0;39m &amp#27;[32m INFO&amp#27;[0;39m &amp#27;[35m25292&amp#27;[0;39m &amp#27;[2m---&amp#27;[0;39m &amp#27;[2m[restful-webservices] [           main]&amp#27;[0;39m &amp#27;[2m&amp#27;[0;39m&amp#27;[36m.s.d.r.c.RepositoryConfigurationDelegate&amp#27;[0;39m &amp#27;[2m:&amp#27;[0;39m Finished Spring Data repository scanning in 27 ms. Found 0 JPA repository interfaces.
&amp#27;[2m2024-06-23T15:11:41.430-04:00&amp#27;[0;39m &amp#27;[32m INFO&amp#27;[0;39m &amp#27;[35m25292&amp#27;[0;39m &amp#27;[2m---&amp#27;[0;39m &amp#27;[2m[restful-webservices] [           main]&amp#27;[0;39m &amp#27;[2m&amp#27;[0;39m&amp#27;[36mcom.zaxxer.hikari.HikariDataSource      &amp#27;[0;39m &amp#27;[2m:&amp#27;[0;39m HikariPool-1 - Starting...
&amp#27;[2m2024-06-23T15:11:41.877-04:00&amp#27;[0;39m &amp#27;[32m INFO&amp#27;[0;39m &amp#27;[35m25292&amp#27;[0;39m &amp#27;[2m---&amp#27;[0;39m &amp#27;[2m[restful-webservices] [           main]&amp#27;[0;39m &amp#27;[2m&amp#27;[0;39m&amp#27;[36mcom.zaxxer.hikari.pool.HikariPool       &amp#27;[0;39m &amp#27;[2m:&amp#27;[0;39m HikariPool-1 - Added connection conn0: url=jdbc:h2:mem:beac2f59-9e54-4b3c-a63d-f21a013bac00 user=SA
&amp#27;[2m2024-06-23T15:11:41.881-04:00&amp#27;[0;39m &amp#27;[32m INFO&amp#27;[0;39m &amp#27;[35m25292&amp#27;[0;39m &amp#27;[2m---&amp#27;[0;39m &amp#27;[2m[restful-webservices] [           main]&amp#27;[0;39m &amp#27;[2m&amp#27;[0;39m&amp#27;[36mcom.zaxxer.hikari.HikariDataSource      &amp#27;[0;39m &amp#27;[2m:&amp#27;[0;39m HikariPool-1 - Start completed.
&amp#27;[2m2024-06-23T15:11:42.002-04:00&amp#27;[0;39m &amp#27;[32m INFO&amp#27;[0;39m &amp#27;[35m25292&amp#27;[0;39m &amp#27;[2m---&amp#27;[0;39m &amp#27;[2m[restful-webservices] [           main]&amp#27;[0;39m &amp#27;[2m&amp#27;[0;39m&amp#27;[36mo.hibernate.jpa.internal.util.LogHelper &amp#27;[0;39m &amp#27;[2m:&amp#27;[0;39m HHH000204: Processing PersistenceUnitInfo [name: default]
&amp#27;[2m2024-06-23T15:11:42.185-04:00&amp#27;[0;39m &amp#27;[32m INFO&amp#27;[0;39m &amp#27;[35m25292&amp#27;[0;39m &amp#27;[2m---&amp#27;[0;39m &amp#27;[2m[restful-webservices] [           main]&amp#27;[0;39m &amp#27;[2m&amp#27;[0;39m&amp#27;[36morg.hibernate.Version                   &amp#27;[0;39m &amp#27;[2m:&amp#27;[0;39m HHH000412: Hibernate ORM core version 6.4.4.Final
&amp#27;[2m2024-06-23T15:11:42.278-04:00&amp#27;[0;39m &amp#27;[32m INFO&amp#27;[0;39m &amp#27;[35m25292&amp#27;[0;39m &amp#27;[2m---&amp#27;[0;39m &amp#27;[2m[restful-webservices] [           main]&amp#27;[0;39m &amp#27;[2m&amp#27;[0;39m&amp#27;[36mo.h.c.internal.RegionFactoryInitiator   &amp#27;[0;39m &amp#27;[2m:&amp#27;[0;39m HHH000026: Second-level cache disabled
&amp#27;[2m2024-06-23T15:11:42.824-04:00&amp#27;[0;39m &amp#27;[32m INFO&amp#27;[0;39m &amp#27;[35m25292&amp#27;[0;39m &amp#27;[2m---&amp#27;[0;39m &amp#27;[2m[restful-webservices] [           main]&amp#27;[0;39m &amp#27;[2m&amp#27;[0;39m&amp#27;[36mo.s.o.j.p.SpringPersistenceUnitInfo     &amp#27;[0;39m &amp#27;[2m:&amp#27;[0;39m No LoadTimeWeaver setup: ignoring JPA class transformer
&amp#27;[2m2024-06-23T15:11:43.629-04:00&amp#27;[0;39m &amp#27;[32m INFO&amp#27;[0;39m &amp#27;[35m25292&amp#27;[0;39m &amp#27;[2m---&amp#27;[0;39m &amp#27;[2m[restful-webservices] [           main]&amp#27;[0;39m &amp#27;[2m&amp#27;[0;39m&amp#27;[36mo.h.e.t.j.p.i.JtaPlatformInitiator      &amp#27;[0;39m &amp#27;[2m:&amp#27;[0;39m HHH000489: No JTA platform available (set 'hibernate.transaction.jta.platform' to enable JTA platform integration)
&amp#27;[2m2024-06-23T15:11:43.638-04:00&amp#27;[0;39m &amp#27;[32m INFO&amp#27;[0;39m &amp#27;[35m25292&amp#27;[0;39m &amp#27;[2m---&amp#27;[0;39m &amp#27;[2m[restful-webservices] [           main]&amp#27;[0;39m &amp#27;[2m&amp#27;[0;39m&amp#27;[36mj.LocalContainerEntityManagerFactoryBean&amp#27;[0;39m &amp#27;[2m:&amp#27;[0;39m Initialized JPA EntityManagerFactory for persistence unit 'default'
&amp#27;[2m2024-06-23T15:11:43.758-04:00&amp#27;[0;39m &amp#27;[33m WARN&amp#27;[0;39m &amp#27;[35m25292&amp#27;[0;39m &amp#27;[2m---&amp#27;[0;39m &amp#27;[2m[restful-webservices] [           main]&amp#27;[0;39m &amp#27;[2m&amp#27;[0;39m&amp#27;[36mJpaBaseConfiguration$JpaWebConfiguration&amp#27;[0;39m &amp#27;[2m:&amp#27;[0;39m spring.jpa.open-in-view is enabled by default. Therefore, database queries may be performed during view rendering. Explicitly configure spring.jpa.open-in-view to disable this warning
&amp#27;[2m2024-06-23T15:11:44.855-04:00&amp#27;[0;39m &amp#27;[32m INFO&amp#27;[0;39m &amp#27;[35m25292&amp#27;[0;39m &amp#27;[2m---&amp#27;[0;39m &amp#27;[2m[restful-webservices] [           main]&amp#27;[0;39m &amp#27;[2m&amp#27;[0;39m&amp#27;[36mo.s.s.web.DefaultSecurityFilterChain    &amp#27;[0;39m &amp#27;[2m:&amp#27;[0;39m Will secure any request with [org.springframework.security.web.session.DisableEncodeUrlFilter@2f3cd727, org.springframework.security.web.context.request.async.WebAsyncManagerIntegrationFilter@1af82ba8, org.springframework.security.web.context.SecurityContextHolderFilter@6ffdbeef, org.springframework.security.web.header.HeaderWriterFilter@4a29fe2e, org.springframework.web.filter.CorsFilter@703cb756, org.springframework.security.web.authentication.logout.LogoutFilter@5a9051fd, org.springframework.security.web.authentication.www.BasicAuthenticationFilter@25b20860, org.springframework.security.web.savedrequest.RequestCacheAwareFilter@3d7314b3, org.springframework.security.web.servletapi.SecurityContextHolderAwareRequestFilter@d677be9, org.springframework.security.web.authentication.AnonymousAuthenticationFilter@5897aae1, org.springframework.security.web.session.SessionManagementFilter@3292eff7, org.springframework.security.web.access.ExceptionTranslationFilter@674e4c82, org.springframework.security.web.access.intercept.AuthorizationFilter@5e46a125]
&amp#27;[2m2024-06-23T15:11:45.526-04:00&amp#27;[0;39m &amp#27;[32m INFO&amp#27;[0;39m &amp#27;[35m25292&amp#27;[0;39m &amp#27;[2m---&amp#27;[0;39m &amp#27;[2m[restful-webservices] [           main]&amp#27;[0;39m &amp#27;[2m&amp#27;[0;39m&amp#27;[36mr.w.r.RestfulWebservicesApplicationTests&amp#27;[0;39m &amp#27;[2m:&amp#27;[0;39m Started RestfulWebservicesApplicationTests in 7.384 seconds (process running for 9.729)
]]></system-out>
    <system-err><![CDATA[WARNING: A Java agent has been loaded dynamically (/Users/gowrinath/.m2/repository/net/bytebuddy/byte-buddy-agent/1.14.13/byte-buddy-agent-1.14.13.jar)
WARNING: If a serviceability tool is in use, please run with -XX:+EnableDynamicAgentLoading to hide this warning
WARNING: If a serviceability tool is not in use, please run with -Djdk.instrument.traceUsage for more information
WARNING: Dynamic loading of agents will be disallowed by default in a future release
]]></system-err>
  </testcase>
</testsuite>